c:\users\ale\desktop\repos\engine3d\engine\enginedll\x64\debug\vc141.pdb
c:\users\ale\desktop\repos\engine3d\engine\enginedll\x64\debug\vc141.idb
c:\users\ale\desktop\repos\engine3d\engine\enginedll\x64\debug\window.obj
c:\users\ale\desktop\repos\engine3d\engine\enginedll\x64\debug\triangle.obj
c:\users\ale\desktop\repos\engine3d\engine\enginedll\x64\debug\tilemap.obj
c:\users\ale\desktop\repos\engine3d\engine\enginedll\x64\debug\textureimporter.obj
c:\users\ale\desktop\repos\engine3d\engine\enginedll\x64\debug\sprite.obj
c:\users\ale\desktop\repos\engine3d\engine\enginedll\x64\debug\shape.obj
c:\users\ale\desktop\repos\engine3d\engine\enginedll\x64\debug\renderer.obj
c:\users\ale\desktop\repos\engine3d\engine\enginedll\x64\debug\rectangle.obj
c:\users\ale\desktop\repos\engine3d\engine\enginedll\x64\debug\material.obj
c:\users\ale\desktop\repos\engine3d\engine\enginedll\x64\debug\input.obj
c:\users\ale\desktop\repos\engine3d\engine\enginedll\x64\debug\gamebase.obj
c:\users\ale\desktop\repos\engine3d\engine\enginedll\x64\debug\entity.obj
c:\users\ale\desktop\repos\engine3d\engine\enginedll\x64\debug\definitions.obj
c:\users\ale\desktop\repos\engine3d\engine\enginedll\x64\debug\collisionmanager.obj
c:\users\ale\desktop\repos\engine3d\engine\enginedll\x64\debug\circle.obj
c:\users\ale\desktop\repos\engine3d\engine\enginedll\x64\debug\animation.obj
c:\users\ale\desktop\repos\engine3d\engine\enginedll\x64\debug\enginedll.tlog\cl.command.1.tlog
c:\users\ale\desktop\repos\engine3d\engine\enginedll\x64\debug\enginedll.tlog\cl.read.1.tlog
c:\users\ale\desktop\repos\engine3d\engine\enginedll\x64\debug\enginedll.tlog\cl.write.1.tlog
c:\users\ale\desktop\repos\engine3d\engine\enginedll\x64\debug\enginedll.tlog\link.command.1.tlog
c:\users\ale\desktop\repos\engine3d\engine\enginedll\x64\debug\enginedll.tlog\link.read.1.tlog
c:\users\ale\desktop\repos\engine3d\engine\enginedll\x64\debug\enginedll.tlog\link.write.1.tlog
