     Creando biblioteca C:\Users\Administrador\Desktop\Engine3D\Engine\x64\Debug\ EngineDLL.lib y objeto C:\Users\Administrador\Desktop\Engine3D\Engine\x64\Debug\ EngineDLL.exp
Sprite.obj : error LNK2001: símbolo externo glfwGetTime sin resolver
Tilemap.obj : error LNK2001: símbolo externo glfwGetTime sin resolver
Animation.obj : error LNK2001: símbolo externo glfwGetTime sin resolver
Definitions.obj : error LNK2001: símbolo externo glfwGetTime sin resolver
GameBase.obj : error LNK2001: símbolo externo glfwGetTime sin resolver
Input.obj : error LNK2001: símbolo externo glfwGetTime sin resolver
Input.obj : error LNK2019: símbolo externo glfwPollEvents sin resolver al que se hace referencia en la función "public: void __cdecl Input::PollEvents(void)" (?PollEvents@Input@@QEAAXXZ)
Input.obj : error LNK2019: símbolo externo glfwGetKey sin resolver al que se hace referencia en la función "public: bool __cdecl Input::isInput(int)" (?isInput@Input@@QEAA_NH@Z)
Input.obj : error LNK2019: símbolo externo glfwSetKeyCallback sin resolver al que se hace referencia en la función "public: void __cdecl Input::SetWindowContext(class Window *)" (?SetWindowContext@Input@@QEAAXPEAVWindow@@@Z)
Material.obj : error LNK2001: símbolo externo __imp___glewActiveTexture sin resolver
Material.obj : error LNK2001: símbolo externo __imp___glewAttachShader sin resolver
Material.obj : error LNK2001: símbolo externo __imp___glewCompileShader sin resolver
Material.obj : error LNK2001: símbolo externo __imp___glewCreateProgram sin resolver
Material.obj : error LNK2001: símbolo externo __imp___glewCreateShader sin resolver
Material.obj : error LNK2001: símbolo externo __imp___glewDeleteShader sin resolver
Material.obj : error LNK2001: símbolo externo __imp___glewDetachShader sin resolver
Material.obj : error LNK2001: símbolo externo __imp___glewGetProgramInfoLog sin resolver
Material.obj : error LNK2001: símbolo externo __imp___glewGetProgramiv sin resolver
Material.obj : error LNK2001: símbolo externo __imp___glewGetShaderInfoLog sin resolver
Material.obj : error LNK2001: símbolo externo __imp___glewGetShaderiv sin resolver
Material.obj : error LNK2001: símbolo externo __imp___glewGetUniformLocation sin resolver
Material.obj : error LNK2001: símbolo externo __imp___glewLinkProgram sin resolver
Material.obj : error LNK2001: símbolo externo __imp___glewShaderSource sin resolver
Material.obj : error LNK2001: símbolo externo __imp___glewUniform1i sin resolver
Material.obj : error LNK2001: símbolo externo __imp___glewUniformMatrix4fv sin resolver
Material.obj : error LNK2001: símbolo externo __imp___glewUseProgram sin resolver
Renderer.obj : error LNK2019: símbolo externo __imp_glewInit sin resolver al que se hace referencia en la función "public: bool __cdecl Renderer::Start(class Window *)" (?Start@Renderer@@QEAA_NPEAVWindow@@@Z)
Renderer.obj : error LNK2019: símbolo externo glfwTerminate sin resolver al que se hace referencia en la función "public: bool __cdecl Renderer::Start(class Window *)" (?Start@Renderer@@QEAA_NPEAVWindow@@@Z)
Window.obj : error LNK2001: símbolo externo glfwTerminate sin resolver
Renderer.obj : error LNK2019: símbolo externo glfwMakeContextCurrent sin resolver al que se hace referencia en la función "public: bool __cdecl Renderer::Start(class Window *)" (?Start@Renderer@@QEAA_NPEAVWindow@@@Z)
Renderer.obj : error LNK2019: símbolo externo glfwSwapBuffers sin resolver al que se hace referencia en la función "public: void __cdecl Renderer::SwapBuffers(void)" (?SwapBuffers@Renderer@@QEAAXXZ)
Renderer.obj : error LNK2001: símbolo externo __imp___glewBindBuffer sin resolver
Renderer.obj : error LNK2001: símbolo externo __imp___glewBufferData sin resolver
Renderer.obj : error LNK2001: símbolo externo __imp___glewDeleteBuffers sin resolver
Renderer.obj : error LNK2001: símbolo externo __imp___glewGenBuffers sin resolver
Renderer.obj : error LNK2001: símbolo externo __imp___glewDisableVertexAttribArray sin resolver
Renderer.obj : error LNK2001: símbolo externo __imp___glewEnableVertexAttribArray sin resolver
Renderer.obj : error LNK2001: símbolo externo __imp___glewVertexAttribPointer sin resolver
Renderer.obj : error LNK2001: símbolo externo __imp___glewBindVertexArray sin resolver
Renderer.obj : error LNK2001: símbolo externo __imp___glewGenVertexArrays sin resolver
Renderer.obj : error LNK2001: símbolo externo __imp_glewExperimental sin resolver
Window.obj : error LNK2019: símbolo externo glfwInit sin resolver al que se hace referencia en la función "public: bool __cdecl Window::Start(int,int,char const *)" (?Start@Window@@QEAA_NHHPEBD@Z)
Window.obj : error LNK2019: símbolo externo glfwCreateWindow sin resolver al que se hace referencia en la función "public: bool __cdecl Window::Start(int,int,char const *)" (?Start@Window@@QEAA_NHHPEBD@Z)
Window.obj : error LNK2019: símbolo externo glfwDestroyWindow sin resolver al que se hace referencia en la función "public: bool __cdecl Window::Stop(void)" (?Stop@Window@@QEAA_NXZ)
Window.obj : error LNK2019: símbolo externo glfwWindowShouldClose sin resolver al que se hace referencia en la función "public: bool __cdecl Window::ShouldClose(void)" (?ShouldClose@Window@@QEAA_NXZ)
..\External\glfw-3.2.1\lib-vc2015\glfw3.lib : warning LNK4272: el tipo de máquina de biblioteca 'x86' está en conflicto con el tipo de máquina de destino 'x64'
..\External\glew-2.1.0\lib\Release\Win32\glew32.lib : warning LNK4272: el tipo de máquina de biblioteca 'x86' está en conflicto con el tipo de máquina de destino 'x64'
C:\Users\Administrador\Desktop\Engine3D\Engine\x64\Debug\EngineDLL.dll : fatal error LNK1120: 39 externos sin resolver
